2023-02-15 20:14:07.981 [restartedMain] INFO  priv.jesse.mall.MallApplication - Starting MallApplication on DESKTOP-DHPTVNA with PID 18852 (started by 李家祺 in F:\实训项目\项目文件资料\mall(1)\mall)
2023-02-15 20:14:07.986 [restartedMain] DEBUG priv.jesse.mall.MallApplication - Running with Spring Boot v1.5.8.RELEASE, Spring v4.3.12.RELEASE
2023-02-15 20:14:07.987 [restartedMain] INFO  priv.jesse.mall.MallApplication - No active profile set, falling back to default profiles: default
2023-02-15 20:14:08.215 [background-preinit] INFO  org.hibernate.validator.internal.util.Version - HV000001: Hibernate Validator 5.3.5.Final
2023-02-15 20:14:15.074 [restartedMain] INFO  org.apache.catalina.core.StandardService - Starting service [Tomcat]
2023-02-15 20:14:15.076 [restartedMain] INFO  org.apache.catalina.core.StandardEngine - Starting Servlet Engine: Apache Tomcat/8.5.23
2023-02-15 20:14:15.201 [localhost-startStop-1] INFO  org.apache.catalina.core.ContainerBase.[Tomcat].[localhost].[/mall] - Initializing Spring embedded WebApplicationContext
2023-02-15 20:14:16.390 [restartedMain] INFO  org.hibernate.jpa.internal.util.LogHelper - HHH000204: Processing PersistenceUnitInfo [
	name: default
	...]
2023-02-15 20:14:16.482 [restartedMain] INFO  org.hibernate.Version - HHH000412: Hibernate Core {5.0.12.Final}
2023-02-15 20:14:16.483 [restartedMain] INFO  org.hibernate.cfg.Environment - HHH000206: hibernate.properties not found
2023-02-15 20:14:16.484 [restartedMain] INFO  org.hibernate.cfg.Environment - HHH000021: Bytecode provider name : javassist
2023-02-15 20:14:16.537 [restartedMain] INFO  org.hibernate.annotations.common.Version - HCANN000001: Hibernate Commons Annotations {5.0.1.Final}
2023-02-15 20:14:17.772 [restartedMain] INFO  com.alibaba.druid.pool.DruidDataSource - {dataSource-1} inited
2023-02-15 20:14:17.790 [restartedMain] INFO  org.hibernate.dialect.Dialect - HHH000400: Using dialect: org.hibernate.dialect.MySQL5Dialect
2023-02-15 20:14:18.254 [restartedMain] INFO  org.hibernate.tool.hbm2ddl.SchemaValidator - HHH000229: Running schema validator
2023-02-15 20:14:20.264 [restartedMain] INFO  org.apache.coyote.http11.Http11NioProtocol - Initializing ProtocolHandler ["http-nio-8080"]
2023-02-15 20:14:20.274 [restartedMain] INFO  org.apache.coyote.http11.Http11NioProtocol - Starting ProtocolHandler ["http-nio-8080"]
2023-02-15 20:14:20.307 [restartedMain] INFO  org.apache.tomcat.util.net.NioSelectorPool - Using a shared selector for servlet write/read
2023-02-15 20:14:20.333 [restartedMain] INFO  priv.jesse.mall.MallApplication - Started MallApplication in 12.674 seconds (JVM running for 14.483)
2023-02-15 20:18:42.070 [http-nio-8080-exec-2] INFO  org.apache.catalina.core.ContainerBase.[Tomcat].[localhost].[/mall] - Initializing Spring FrameworkServlet 'dispatcherServlet'
2023-02-15 20:19:24.578 [http-nio-8080-exec-3] INFO  org.thymeleaf.TemplateEngine - [THYMELEAF] INITIALIZING TEMPLATE ENGINE
2023-02-15 20:19:24.616 [http-nio-8080-exec-3] INFO  org.thymeleaf.templateresolver.AbstractTemplateResolver - [THYMELEAF] INITIALIZING TEMPLATE RESOLVER: org.thymeleaf.spring4.templateresolver.SpringResourceTemplateResolver
2023-02-15 20:19:24.616 [http-nio-8080-exec-3] INFO  org.thymeleaf.templateresolver.AbstractTemplateResolver - [THYMELEAF] TEMPLATE RESOLVER INITIALIZED OK
2023-02-15 20:19:24.616 [http-nio-8080-exec-3] INFO  org.thymeleaf.messageresolver.AbstractMessageResolver - [THYMELEAF] INITIALIZING MESSAGE RESOLVER: org.thymeleaf.spring4.messageresolver.SpringMessageResolver
2023-02-15 20:19:24.616 [http-nio-8080-exec-3] INFO  org.thymeleaf.messageresolver.AbstractMessageResolver - [THYMELEAF] MESSAGE RESOLVER INITIALIZED OK
2023-02-15 20:19:24.618 [http-nio-8080-exec-3] INFO  org.thymeleaf.TemplateEngine.CONFIG - [THYMELEAF] TEMPLATE ENGINE CONFIGURATION:
[THYMELEAF] * Cache Factory implementation: org.thymeleaf.cache.StandardCacheManager
[THYMELEAF] * Template modes:
[THYMELEAF]     * VALIDXML
[THYMELEAF]     * VALIDXHTML
[THYMELEAF]     * XHTML
[THYMELEAF]     * XML
[THYMELEAF]     * LEGACYHTML5
[THYMELEAF]     * HTML5
[THYMELEAF] * Template resolvers (in order):
[THYMELEAF]     * org.thymeleaf.spring4.templateresolver.SpringResourceTemplateResolver
[THYMELEAF] * Message resolvers (in order):
[THYMELEAF]     * org.thymeleaf.spring4.messageresolver.SpringMessageResolver
[THYMELEAF] * Dialect [1 of 2]: org.thymeleaf.spring4.dialect.SpringStandardDialect
[THYMELEAF]     * Prefix: "th"
[THYMELEAF] * Dialect [2 of 2]: nz.net.ultraq.thymeleaf.LayoutDialect
[THYMELEAF]     * Prefix: "layout"
[THYMELEAF] TEMPLATE ENGINE CONFIGURED OK
2023-02-15 20:19:24.618 [http-nio-8080-exec-3] INFO  org.thymeleaf.TemplateEngine - [THYMELEAF] TEMPLATE ENGINE INITIALIZED
2023-02-15 21:24:00.811 [Thread-27] INFO  com.alibaba.druid.pool.DruidDataSource - {dataSource-1} closed
