2022-04-28 10:38:41.493 [restartedMain] INFO  priv.jesse.mall.MallApplication - Starting MallApplication on DESKTOP-TP97L94 with PID 10332 (E:\workspace-devloper\mall\target\classes started by DELL in E:\workspace-devloper\mall)
2022-04-28 10:38:41.493 [restartedMain] DEBUG priv.jesse.mall.MallApplication - Running with Spring Boot v1.5.8.RELEASE, Spring v4.3.12.RELEASE
2022-04-28 10:38:41.493 [restartedMain] INFO  priv.jesse.mall.MallApplication - No active profile set, falling back to default profiles: default
2022-04-28 10:38:41.681 [background-preinit] INFO  org.hibernate.validator.internal.util.Version - HV000001: Hibernate Validator 5.4.1.Final
2022-04-28 10:38:44.254 [restartedMain] INFO  org.apache.catalina.core.StandardService - Starting service [Tomcat]
2022-04-28 10:38:44.254 [restartedMain] INFO  org.apache.catalina.core.StandardEngine - Starting Servlet Engine: Apache Tomcat/8.5.23
2022-04-28 10:38:44.395 [localhost-startStop-1] INFO  org.apache.catalina.core.ContainerBase.[Tomcat].[localhost].[/mall] - Initializing Spring embedded WebApplicationContext
2022-04-28 10:38:44.676 [restartedMain] INFO  com.alibaba.druid.spring.boot.autoconfigure.DruidDataSourceAutoConfigure - Init DruidDataSource
2022-04-28 10:38:46.316 [restartedMain] INFO  com.alibaba.druid.pool.DruidDataSource - {dataSource-1} inited
2022-04-28 10:38:46.488 [restartedMain] INFO  org.hibernate.jpa.internal.util.LogHelper - HHH000204: Processing PersistenceUnitInfo [
	name: default
	...]
2022-04-28 10:38:46.566 [restartedMain] INFO  org.hibernate.Version - HHH000412: Hibernate Core {5.0.12.Final}
2022-04-28 10:38:46.566 [restartedMain] INFO  org.hibernate.cfg.Environment - HHH000206: hibernate.properties not found
2022-04-28 10:38:46.566 [restartedMain] INFO  org.hibernate.cfg.Environment - HHH000021: Bytecode provider name : javassist
2022-04-28 10:38:46.613 [restartedMain] INFO  org.hibernate.annotations.common.Version - HCANN000001: Hibernate Commons Annotations {5.0.1.Final}
2022-04-28 10:38:47.113 [restartedMain] INFO  org.hibernate.dialect.Dialect - HHH000400: Using dialect: org.hibernate.dialect.MySQL5Dialect
2022-04-28 10:38:47.456 [restartedMain] INFO  org.hibernate.tool.hbm2ddl.SchemaValidator - HHH000229: Running schema validator
2022-04-28 10:38:54.189 [restartedMain] INFO  org.apache.coyote.http11.Http11NioProtocol - Initializing ProtocolHandler ["http-nio-80"]
2022-04-28 10:38:54.189 [restartedMain] INFO  org.apache.coyote.http11.Http11NioProtocol - Starting ProtocolHandler ["http-nio-80"]
2022-04-28 10:38:54.205 [restartedMain] INFO  org.apache.tomcat.util.net.NioSelectorPool - Using a shared selector for servlet write/read
2022-04-28 10:38:54.220 [restartedMain] INFO  priv.jesse.mall.MallApplication - Started MallApplication in 12.961 seconds (JVM running for 15.324)
2022-04-28 10:39:21.687 [http-nio-80-exec-2] INFO  org.apache.tomcat.util.http.parser.Cookie - A cookie header was received [1648706963,1648710923,1648714842; freePromorunningtmr=75384000] that contained an invalid cookie. That cookie will be ignored.Note: further occurrences of this error will be logged at DEBUG level.
2022-04-28 10:39:21.707 [http-nio-80-exec-3] INFO  org.apache.catalina.core.ContainerBase.[Tomcat].[localhost].[/mall] - Initializing Spring FrameworkServlet 'dispatcherServlet'
2022-04-28 10:39:21.778 [http-nio-80-exec-3] INFO  org.thymeleaf.TemplateEngine - [THYMELEAF] INITIALIZING TEMPLATE ENGINE
2022-04-28 10:39:21.809 [http-nio-80-exec-3] INFO  org.thymeleaf.templateresolver.AbstractTemplateResolver - [THYMELEAF] INITIALIZING TEMPLATE RESOLVER: org.thymeleaf.spring4.templateresolver.SpringResourceTemplateResolver
2022-04-28 10:39:21.809 [http-nio-80-exec-3] INFO  org.thymeleaf.templateresolver.AbstractTemplateResolver - [THYMELEAF] TEMPLATE RESOLVER INITIALIZED OK
2022-04-28 10:39:21.809 [http-nio-80-exec-3] INFO  org.thymeleaf.messageresolver.AbstractMessageResolver - [THYMELEAF] INITIALIZING MESSAGE RESOLVER: org.thymeleaf.spring4.messageresolver.SpringMessageResolver
2022-04-28 10:39:21.809 [http-nio-80-exec-3] INFO  org.thymeleaf.messageresolver.AbstractMessageResolver - [THYMELEAF] MESSAGE RESOLVER INITIALIZED OK
2022-04-28 10:39:21.824 [http-nio-80-exec-3] INFO  org.thymeleaf.TemplateEngine.CONFIG - [THYMELEAF] TEMPLATE ENGINE CONFIGURATION:
[THYMELEAF] * Cache Factory implementation: org.thymeleaf.cache.StandardCacheManager
[THYMELEAF] * Template modes:
[THYMELEAF]     * XHTML
[THYMELEAF]     * XML
[THYMELEAF]     * VALIDXML
[THYMELEAF]     * VALIDXHTML
[THYMELEAF]     * HTML5
[THYMELEAF]     * LEGACYHTML5
[THYMELEAF] * Template resolvers (in order):
[THYMELEAF]     * org.thymeleaf.spring4.templateresolver.SpringResourceTemplateResolver
[THYMELEAF] * Message resolvers (in order):
[THYMELEAF]     * org.thymeleaf.spring4.messageresolver.SpringMessageResolver
[THYMELEAF] * Dialect [1 of 2]: org.thymeleaf.spring4.dialect.SpringStandardDialect
[THYMELEAF]     * Prefix: "th"
[THYMELEAF] * Dialect [2 of 2]: nz.net.ultraq.thymeleaf.LayoutDialect
[THYMELEAF]     * Prefix: "layout"
[THYMELEAF] TEMPLATE ENGINE CONFIGURED OK
2022-04-28 10:39:21.824 [http-nio-80-exec-3] INFO  org.thymeleaf.TemplateEngine - [THYMELEAF] TEMPLATE ENGINE INITIALIZED
2022-04-28 10:39:22.193 [http-nio-80-exec-9] INFO  org.hibernate.hql.internal.QueryTranslatorFactoryInitiator - HHH000397: Using ASTQueryTranslatorFactory
2022-04-28 10:40:15.891 [http-nio-80-exec-5] INFO  org.apache.hadoop.ipc.Client - Retrying connect to server: 192.168.70.110/192.168.70.110:9000. Already tried 0 time(s); maxRetries=45
2022-04-28 10:40:35.892 [http-nio-80-exec-5] INFO  org.apache.hadoop.ipc.Client - Retrying connect to server: 192.168.70.110/192.168.70.110:9000. Already tried 1 time(s); maxRetries=45
2022-04-28 10:40:55.902 [http-nio-80-exec-5] INFO  org.apache.hadoop.ipc.Client - Retrying connect to server: 192.168.70.110/192.168.70.110:9000. Already tried 2 time(s); maxRetries=45
2022-04-28 10:41:15.914 [http-nio-80-exec-5] INFO  org.apache.hadoop.ipc.Client - Retrying connect to server: 192.168.70.110/192.168.70.110:9000. Already tried 3 time(s); maxRetries=45
2022-04-28 10:41:35.924 [http-nio-80-exec-5] INFO  org.apache.hadoop.ipc.Client - Retrying connect to server: 192.168.70.110/192.168.70.110:9000. Already tried 4 time(s); maxRetries=45
2022-04-28 10:41:55.951 [http-nio-80-exec-5] INFO  org.apache.hadoop.ipc.Client - Retrying connect to server: 192.168.70.110/192.168.70.110:9000. Already tried 5 time(s); maxRetries=45
2022-04-28 10:42:07.427 [Thread-35] INFO  com.alibaba.druid.pool.DruidDataSource - {dataSource-1} closed
2022-04-28 16:14:08.297 [restartedMain] INFO  priv.jesse.mall.MallApplication - Starting MallApplication on DESKTOP-TP97L94 with PID 12716 (E:\workspace-devloper\mall\target\classes started by DELL in E:\workspace-devloper\mall)
2022-04-28 16:14:08.297 [restartedMain] DEBUG priv.jesse.mall.MallApplication - Running with Spring Boot v1.5.8.RELEASE, Spring v4.3.12.RELEASE
2022-04-28 16:14:08.297 [restartedMain] INFO  priv.jesse.mall.MallApplication - No active profile set, falling back to default profiles: default
2022-04-28 16:14:08.429 [background-preinit] INFO  org.hibernate.validator.internal.util.Version - HV000001: Hibernate Validator 5.4.1.Final
2022-04-28 16:14:10.195 [restartedMain] INFO  org.apache.catalina.core.StandardService - Starting service [Tomcat]
2022-04-28 16:14:10.195 [restartedMain] INFO  org.apache.catalina.core.StandardEngine - Starting Servlet Engine: Apache Tomcat/8.5.23
2022-04-28 16:14:10.315 [localhost-startStop-1] INFO  org.apache.catalina.core.ContainerBase.[Tomcat].[localhost].[/mall] - Initializing Spring embedded WebApplicationContext
2022-04-28 16:14:10.590 [restartedMain] INFO  com.alibaba.druid.spring.boot.autoconfigure.DruidDataSourceAutoConfigure - Init DruidDataSource
2022-04-28 16:14:12.052 [restartedMain] INFO  com.alibaba.druid.pool.DruidDataSource - {dataSource-1} inited
2022-04-28 16:14:12.240 [restartedMain] INFO  org.hibernate.jpa.internal.util.LogHelper - HHH000204: Processing PersistenceUnitInfo [
	name: default
	...]
2022-04-28 16:14:12.299 [restartedMain] INFO  org.hibernate.Version - HHH000412: Hibernate Core {5.0.12.Final}
2022-04-28 16:14:12.300 [restartedMain] INFO  org.hibernate.cfg.Environment - HHH000206: hibernate.properties not found
2022-04-28 16:14:12.301 [restartedMain] INFO  org.hibernate.cfg.Environment - HHH000021: Bytecode provider name : javassist
2022-04-28 16:14:12.348 [restartedMain] INFO  org.hibernate.annotations.common.Version - HCANN000001: Hibernate Commons Annotations {5.0.1.Final}
2022-04-28 16:14:12.498 [restartedMain] INFO  org.hibernate.dialect.Dialect - HHH000400: Using dialect: org.hibernate.dialect.MySQL5Dialect
2022-04-28 16:14:12.869 [restartedMain] INFO  org.hibernate.tool.hbm2ddl.SchemaValidator - HHH000229: Running schema validator
2022-04-28 16:14:19.345 [restartedMain] INFO  org.apache.coyote.http11.Http11NioProtocol - Initializing ProtocolHandler ["http-nio-80"]
2022-04-28 16:14:19.355 [restartedMain] INFO  org.apache.coyote.http11.Http11NioProtocol - Starting ProtocolHandler ["http-nio-80"]
2022-04-28 16:14:19.365 [restartedMain] INFO  org.apache.tomcat.util.net.NioSelectorPool - Using a shared selector for servlet write/read
2022-04-28 16:14:19.385 [restartedMain] INFO  priv.jesse.mall.MallApplication - Started MallApplication in 11.3 seconds (JVM running for 12.584)
2022-04-28 16:16:49.665 [Thread-31] INFO  com.alibaba.druid.pool.DruidDataSource - {dataSource-1} closed
2022-04-28 16:20:01.515 [restartedMain] INFO  priv.jesse.mall.MallApplication - Starting MallApplication on DESKTOP-TP97L94 with PID 13996 (E:\workspace-devloper\mall\target\classes started by DELL in E:\workspace-devloper\mall)
2022-04-28 16:20:01.515 [restartedMain] DEBUG priv.jesse.mall.MallApplication - Running with Spring Boot v1.5.8.RELEASE, Spring v4.3.12.RELEASE
2022-04-28 16:20:01.515 [restartedMain] INFO  priv.jesse.mall.MallApplication - No active profile set, falling back to default profiles: default
2022-04-28 16:20:01.685 [background-preinit] INFO  org.hibernate.validator.internal.util.Version - HV000001: Hibernate Validator 5.4.1.Final
2022-04-28 16:20:03.460 [restartedMain] INFO  org.apache.catalina.core.StandardService - Starting service [Tomcat]
2022-04-28 16:20:03.465 [restartedMain] INFO  org.apache.catalina.core.StandardEngine - Starting Servlet Engine: Apache Tomcat/8.5.23
2022-04-28 16:20:03.580 [localhost-startStop-1] INFO  org.apache.catalina.core.ContainerBase.[Tomcat].[localhost].[/mall] - Initializing Spring embedded WebApplicationContext
2022-04-28 16:20:03.855 [restartedMain] INFO  com.alibaba.druid.spring.boot.autoconfigure.DruidDataSourceAutoConfigure - Init DruidDataSource
2022-04-28 16:20:05.295 [restartedMain] INFO  com.alibaba.druid.pool.DruidDataSource - {dataSource-1} inited
2022-04-28 16:20:05.445 [restartedMain] INFO  org.hibernate.jpa.internal.util.LogHelper - HHH000204: Processing PersistenceUnitInfo [
	name: default
	...]
2022-04-28 16:20:05.505 [restartedMain] INFO  org.hibernate.Version - HHH000412: Hibernate Core {5.0.12.Final}
2022-04-28 16:20:05.505 [restartedMain] INFO  org.hibernate.cfg.Environment - HHH000206: hibernate.properties not found
2022-04-28 16:20:05.505 [restartedMain] INFO  org.hibernate.cfg.Environment - HHH000021: Bytecode provider name : javassist
2022-04-28 16:20:05.545 [restartedMain] INFO  org.hibernate.annotations.common.Version - HCANN000001: Hibernate Commons Annotations {5.0.1.Final}
2022-04-28 16:20:05.675 [restartedMain] INFO  org.hibernate.dialect.Dialect - HHH000400: Using dialect: org.hibernate.dialect.MySQL5Dialect
2022-04-28 16:20:05.975 [restartedMain] INFO  org.hibernate.tool.hbm2ddl.SchemaValidator - HHH000229: Running schema validator
2022-04-28 16:20:12.231 [restartedMain] INFO  org.apache.coyote.http11.Http11NioProtocol - Initializing ProtocolHandler ["http-nio-80"]
2022-04-28 16:20:12.240 [restartedMain] INFO  org.apache.coyote.http11.Http11NioProtocol - Starting ProtocolHandler ["http-nio-80"]
2022-04-28 16:20:12.245 [restartedMain] INFO  org.apache.tomcat.util.net.NioSelectorPool - Using a shared selector for servlet write/read
2022-04-28 16:20:12.265 [restartedMain] INFO  priv.jesse.mall.MallApplication - Started MallApplication in 10.98 seconds (JVM running for 12.259)
2022-04-28 16:20:52.335 [http-nio-80-exec-1] INFO  org.apache.tomcat.util.http.parser.Cookie - A cookie header was received [1648706963,1648710923,1648714842; freePromorunningtmr=75384000] that contained an invalid cookie. That cookie will be ignored.Note: further occurrences of this error will be logged at DEBUG level.
2022-04-28 16:20:52.348 [http-nio-80-exec-2] INFO  org.apache.catalina.core.ContainerBase.[Tomcat].[localhost].[/mall] - Initializing Spring FrameworkServlet 'dispatcherServlet'
2022-04-28 16:20:52.427 [http-nio-80-exec-2] INFO  org.thymeleaf.TemplateEngine - [THYMELEAF] INITIALIZING TEMPLATE ENGINE
2022-04-28 16:20:52.454 [http-nio-80-exec-2] INFO  org.thymeleaf.templateresolver.AbstractTemplateResolver - [THYMELEAF] INITIALIZING TEMPLATE RESOLVER: org.thymeleaf.spring4.templateresolver.SpringResourceTemplateResolver
2022-04-28 16:20:52.455 [http-nio-80-exec-2] INFO  org.thymeleaf.templateresolver.AbstractTemplateResolver - [THYMELEAF] TEMPLATE RESOLVER INITIALIZED OK
2022-04-28 16:20:52.455 [http-nio-80-exec-2] INFO  org.thymeleaf.messageresolver.AbstractMessageResolver - [THYMELEAF] INITIALIZING MESSAGE RESOLVER: org.thymeleaf.spring4.messageresolver.SpringMessageResolver
2022-04-28 16:20:52.455 [http-nio-80-exec-2] INFO  org.thymeleaf.messageresolver.AbstractMessageResolver - [THYMELEAF] MESSAGE RESOLVER INITIALIZED OK
2022-04-28 16:20:52.457 [http-nio-80-exec-2] INFO  org.thymeleaf.TemplateEngine.CONFIG - [THYMELEAF] TEMPLATE ENGINE CONFIGURATION:
[THYMELEAF] * Cache Factory implementation: org.thymeleaf.cache.StandardCacheManager
[THYMELEAF] * Template modes:
[THYMELEAF]     * XHTML
[THYMELEAF]     * VALIDXML
[THYMELEAF]     * XML
[THYMELEAF]     * LEGACYHTML5
[THYMELEAF]     * HTML5
[THYMELEAF]     * VALIDXHTML
[THYMELEAF] * Template resolvers (in order):
[THYMELEAF]     * org.thymeleaf.spring4.templateresolver.SpringResourceTemplateResolver
[THYMELEAF] * Message resolvers (in order):
[THYMELEAF]     * org.thymeleaf.spring4.messageresolver.SpringMessageResolver
[THYMELEAF] * Dialect [1 of 2]: org.thymeleaf.spring4.dialect.SpringStandardDialect
[THYMELEAF]     * Prefix: "th"
[THYMELEAF] * Dialect [2 of 2]: nz.net.ultraq.thymeleaf.LayoutDialect
[THYMELEAF]     * Prefix: "layout"
[THYMELEAF] TEMPLATE ENGINE CONFIGURED OK
2022-04-28 16:20:52.457 [http-nio-80-exec-2] INFO  org.thymeleaf.TemplateEngine - [THYMELEAF] TEMPLATE ENGINE INITIALIZED
2022-04-28 16:20:52.709 [http-nio-80-exec-10] INFO  org.hibernate.hql.internal.QueryTranslatorFactoryInitiator - HHH000397: Using ASTQueryTranslatorFactory
2022-04-28 16:21:01.941 [http-nio-80-exec-5] ERROR priv.jesse.mall.aspect.GlobalExceptionHandler - 登录失败！ 用户名或者密码错误
priv.jesse.mall.service.exception.LoginException: 登录失败！ 用户名或者密码错误
	at priv.jesse.mall.web.user.UserController.login(UserController.java:64)
	at sun.reflect.NativeMethodAccessorImpl.invoke0(Native Method)
	at sun.reflect.NativeMethodAccessorImpl.invoke(NativeMethodAccessorImpl.java:62)
	at sun.reflect.DelegatingMethodAccessorImpl.invoke(DelegatingMethodAccessorImpl.java:43)
	at java.lang.reflect.Method.invoke(Method.java:498)
	at org.springframework.web.method.support.InvocableHandlerMethod.doInvoke(InvocableHandlerMethod.java:205)
	at org.springframework.web.method.support.InvocableHandlerMethod.invokeForRequest(InvocableHandlerMethod.java:133)
	at org.springframework.web.servlet.mvc.method.annotation.ServletInvocableHandlerMethod.invokeAndHandle(ServletInvocableHandlerMethod.java:97)
	at org.springframework.web.servlet.mvc.method.annotation.RequestMappingHandlerAdapter.invokeHandlerMethod(RequestMappingHandlerAdapter.java:827)
	at org.springframework.web.servlet.mvc.method.annotation.RequestMappingHandlerAdapter.handleInternal(RequestMappingHandlerAdapter.java:738)
	at org.springframework.web.servlet.mvc.method.AbstractHandlerMethodAdapter.handle(AbstractHandlerMethodAdapter.java:85)
	at org.springframework.web.servlet.DispatcherServlet.doDispatch(DispatcherServlet.java:967)
	at org.springframework.web.servlet.DispatcherServlet.doService(DispatcherServlet.java:901)
	at org.springframework.web.servlet.FrameworkServlet.processRequest(FrameworkServlet.java:970)
	at org.springframework.web.servlet.FrameworkServlet.doGet(FrameworkServlet.java:861)
	at javax.servlet.http.HttpServlet.service(HttpServlet.java:635)
	at org.springframework.web.servlet.FrameworkServlet.service(FrameworkServlet.java:846)
	at javax.servlet.http.HttpServlet.service(HttpServlet.java:742)
	at org.apache.catalina.core.ApplicationFilterChain.internalDoFilter(ApplicationFilterChain.java:231)
	at org.apache.catalina.core.ApplicationFilterChain.doFilter(ApplicationFilterChain.java:166)
	at org.apache.tomcat.websocket.server.WsFilter.doFilter(WsFilter.java:52)
	at org.apache.catalina.core.ApplicationFilterChain.internalDoFilter(ApplicationFilterChain.java:193)
	at org.apache.catalina.core.ApplicationFilterChain.doFilter(ApplicationFilterChain.java:166)
	at priv.jesse.mall.filter.AuthorizationFilter.doFilter(AuthorizationFilter.java:71)
	at org.apache.catalina.core.ApplicationFilterChain.internalDoFilter(ApplicationFilterChain.java:193)
	at org.apache.catalina.core.ApplicationFilterChain.doFilter(ApplicationFilterChain.java:166)
	at com.alibaba.druid.support.http.WebStatFilter.doFilter(WebStatFilter.java:123)
	at org.apache.catalina.core.ApplicationFilterChain.internalDoFilter(ApplicationFilterChain.java:193)
	at org.apache.catalina.core.ApplicationFilterChain.doFilter(ApplicationFilterChain.java:166)
	at org.springframework.web.filter.RequestContextFilter.doFilterInternal(RequestContextFilter.java:99)
	at org.springframework.web.filter.OncePerRequestFilter.doFilter(OncePerRequestFilter.java:107)
	at org.apache.catalina.core.ApplicationFilterChain.internalDoFilter(ApplicationFilterChain.java:193)
	at org.apache.catalina.core.ApplicationFilterChain.doFilter(ApplicationFilterChain.java:166)
	at org.springframework.web.filter.HttpPutFormContentFilter.doFilterInternal(HttpPutFormContentFilter.java:108)
	at org.springframework.web.filter.OncePerRequestFilter.doFilter(OncePerRequestFilter.java:107)
	at org.apache.catalina.core.ApplicationFilterChain.internalDoFilter(ApplicationFilterChain.java:193)
	at org.apache.catalina.core.ApplicationFilterChain.doFilter(ApplicationFilterChain.java:166)
	at org.springframework.web.filter.HiddenHttpMethodFilter.doFilterInternal(HiddenHttpMethodFilter.java:81)
	at org.springframework.web.filter.OncePerRequestFilter.doFilter(OncePerRequestFilter.java:107)
	at org.apache.catalina.core.ApplicationFilterChain.internalDoFilter(ApplicationFilterChain.java:193)
	at org.apache.catalina.core.ApplicationFilterChain.doFilter(ApplicationFilterChain.java:166)
	at org.springframework.web.filter.CharacterEncodingFilter.doFilterInternal(CharacterEncodingFilter.java:197)
	at org.springframework.web.filter.OncePerRequestFilter.doFilter(OncePerRequestFilter.java:107)
	at org.apache.catalina.core.ApplicationFilterChain.internalDoFilter(ApplicationFilterChain.java:193)
	at org.apache.catalina.core.ApplicationFilterChain.doFilter(ApplicationFilterChain.java:166)
	at org.apache.catalina.core.StandardWrapperValve.invoke(StandardWrapperValve.java:199)
	at org.apache.catalina.core.StandardContextValve.invoke(StandardContextValve.java:96)
	at org.apache.catalina.authenticator.AuthenticatorBase.invoke(AuthenticatorBase.java:478)
	at org.apache.catalina.core.StandardHostValve.invoke(StandardHostValve.java:140)
	at org.apache.catalina.valves.ErrorReportValve.invoke(ErrorReportValve.java:81)
	at org.apache.catalina.core.StandardEngineValve.invoke(StandardEngineValve.java:87)
	at org.apache.catalina.connector.CoyoteAdapter.service(CoyoteAdapter.java:342)
	at org.apache.coyote.http11.Http11Processor.service(Http11Processor.java:803)
	at org.apache.coyote.AbstractProcessorLight.process(AbstractProcessorLight.java:66)
	at org.apache.coyote.AbstractProtocol$ConnectionHandler.process(AbstractProtocol.java:868)
	at org.apache.tomcat.util.net.NioEndpoint$SocketProcessor.doRun(NioEndpoint.java:1459)
	at org.apache.tomcat.util.net.SocketProcessorBase.run(SocketProcessorBase.java:49)
	at java.util.concurrent.ThreadPoolExecutor.runWorker(ThreadPoolExecutor.java:1142)
	at java.util.concurrent.ThreadPoolExecutor$Worker.run(ThreadPoolExecutor.java:617)
	at org.apache.tomcat.util.threads.TaskThread$WrappingRunnable.run(TaskThread.java:61)
	at java.lang.Thread.run(Thread.java:745)
2022-04-28 16:21:01.945 [http-nio-80-exec-5] WARN  org.springframework.web.servlet.mvc.method.annotation.ExceptionHandlerExceptionResolver - Resolved exception caused by Handler execution: priv.jesse.mall.service.exception.LoginException: 登录失败！ 用户名或者密码错误
2022-04-28 16:23:34.987 [Thread-38] INFO  org.apache.hadoop.hdfs.DFSClient - Exception in createBlockOutputStream
java.net.ConnectException: Connection timed out: no further information
	at sun.nio.ch.SocketChannelImpl.checkConnect(Native Method)
	at sun.nio.ch.SocketChannelImpl.finishConnect(SocketChannelImpl.java:717)
	at org.apache.hadoop.net.SocketIOWithTimeout.connect(SocketIOWithTimeout.java:206)
	at org.apache.hadoop.net.NetUtils.connect(NetUtils.java:531)
	at org.apache.hadoop.hdfs.DFSOutputStream.createSocketForPipeline(DFSOutputStream.java:1533)
	at org.apache.hadoop.hdfs.DFSOutputStream$DataStreamer.createBlockOutputStream(DFSOutputStream.java:1309)
	at org.apache.hadoop.hdfs.DFSOutputStream$DataStreamer.nextBlockOutputStream(DFSOutputStream.java:1262)
	at org.apache.hadoop.hdfs.DFSOutputStream$DataStreamer.run(DFSOutputStream.java:448)
2022-04-28 16:23:34.987 [Thread-38] INFO  org.apache.hadoop.hdfs.DFSClient - Abandoning BP-2036036754-172.16.207.78-1639726763926:blk_1073741898_1076
2022-04-28 16:23:35.066 [Thread-38] INFO  org.apache.hadoop.hdfs.DFSClient - Excluding datanode DatanodeInfoWithStorage[172.16.207.78:50010,DS-b6bbd0a6-8bc3-43a4-8daf-41f7b9d73fc9,DISK]
2022-04-28 16:23:35.113 [Thread-38] WARN  org.apache.hadoop.hdfs.DFSClient - DataStreamer Exception
org.apache.hadoop.ipc.RemoteException: File /logs/shoppingLog/2022-04-28.log could only be replicated to 0 nodes instead of minReplication (=1).  There are 1 datanode(s) running and 1 node(s) are excluded in this operation.
	at org.apache.hadoop.hdfs.server.blockmanagement.BlockManager.chooseTarget4NewBlock(BlockManager.java:1571)
	at org.apache.hadoop.hdfs.server.namenode.FSNamesystem.getNewBlockTargets(FSNamesystem.java:3107)
	at org.apache.hadoop.hdfs.server.namenode.FSNamesystem.getAdditionalBlock(FSNamesystem.java:3031)
	at org.apache.hadoop.hdfs.server.namenode.NameNodeRpcServer.addBlock(NameNodeRpcServer.java:725)
	at org.apache.hadoop.hdfs.protocolPB.ClientNamenodeProtocolServerSideTranslatorPB.addBlock(ClientNamenodeProtocolServerSideTranslatorPB.java:492)
	at org.apache.hadoop.hdfs.protocol.proto.ClientNamenodeProtocolProtos$ClientNamenodeProtocol$2.callBlockingMethod(ClientNamenodeProtocolProtos.java)
	at org.apache.hadoop.ipc.ProtobufRpcEngine$Server$ProtoBufRpcInvoker.call(ProtobufRpcEngine.java:616)
	at org.apache.hadoop.ipc.RPC$Server.call(RPC.java:982)
	at org.apache.hadoop.ipc.Server$Handler$1.run(Server.java:2049)
	at org.apache.hadoop.ipc.Server$Handler$1.run(Server.java:2045)
	at java.security.AccessController.doPrivileged(Native Method)
	at javax.security.auth.Subject.doAs(Subject.java:422)
	at org.apache.hadoop.security.UserGroupInformation.doAs(UserGroupInformation.java:1698)
	at org.apache.hadoop.ipc.Server$Handler.run(Server.java:2043)

	at org.apache.hadoop.ipc.Client.call(Client.java:1475)
	at org.apache.hadoop.ipc.Client.call(Client.java:1412)
	at org.apache.hadoop.ipc.ProtobufRpcEngine$Invoker.invoke(ProtobufRpcEngine.java:229)
	at com.sun.proxy.$Proxy110.addBlock(Unknown Source)
	at org.apache.hadoop.hdfs.protocolPB.ClientNamenodeProtocolTranslatorPB.addBlock(ClientNamenodeProtocolTranslatorPB.java:418)
	at sun.reflect.NativeMethodAccessorImpl.invoke0(Native Method)
	at sun.reflect.NativeMethodAccessorImpl.invoke(NativeMethodAccessorImpl.java:62)
	at sun.reflect.DelegatingMethodAccessorImpl.invoke(DelegatingMethodAccessorImpl.java:43)
	at java.lang.reflect.Method.invoke(Method.java:498)
	at org.apache.hadoop.io.retry.RetryInvocationHandler.invokeMethod(RetryInvocationHandler.java:191)
	at org.apache.hadoop.io.retry.RetryInvocationHandler.invoke(RetryInvocationHandler.java:102)
	at com.sun.proxy.$Proxy111.addBlock(Unknown Source)
	at org.apache.hadoop.hdfs.DFSOutputStream$DataStreamer.locateFollowingBlock(DFSOutputStream.java:1455)
	at org.apache.hadoop.hdfs.DFSOutputStream$DataStreamer.nextBlockOutputStream(DFSOutputStream.java:1251)
	at org.apache.hadoop.hdfs.DFSOutputStream$DataStreamer.run(DFSOutputStream.java:448)
2022-04-28 16:25:32.874 [Thread-32] INFO  com.alibaba.druid.pool.DruidDataSource - {dataSource-1} closed
2022-04-28 16:25:57.714 [main] INFO  priv.jesse.mall.MallApplicationTests - Starting MallApplicationTests on DESKTOP-TP97L94 with PID 472 (started by DELL in E:\workspace-devloper\mall)
2022-04-28 16:25:57.714 [main] DEBUG priv.jesse.mall.MallApplicationTests - Running with Spring Boot v1.5.8.RELEASE, Spring v4.3.12.RELEASE
2022-04-28 16:25:57.714 [main] INFO  priv.jesse.mall.MallApplicationTests - No active profile set, falling back to default profiles: default
2022-04-28 16:25:58.042 [background-preinit] INFO  org.hibernate.validator.internal.util.Version - HV000001: Hibernate Validator 5.4.1.Final
2022-04-28 16:25:59.119 [main] INFO  com.alibaba.druid.spring.boot.autoconfigure.DruidDataSourceAutoConfigure - Init DruidDataSource
2022-04-28 16:26:01.008 [main] INFO  com.alibaba.druid.pool.DruidDataSource - {dataSource-1} inited
2022-04-28 16:26:01.179 [main] INFO  org.hibernate.jpa.internal.util.LogHelper - HHH000204: Processing PersistenceUnitInfo [
	name: default
	...]
2022-04-28 16:26:01.241 [main] INFO  org.hibernate.Version - HHH000412: Hibernate Core {5.0.12.Final}
2022-04-28 16:26:01.257 [main] INFO  org.hibernate.cfg.Environment - HHH000206: hibernate.properties not found
2022-04-28 16:26:01.257 [main] INFO  org.hibernate.cfg.Environment - HHH000021: Bytecode provider name : javassist
2022-04-28 16:26:01.288 [main] INFO  org.hibernate.annotations.common.Version - HCANN000001: Hibernate Commons Annotations {5.0.1.Final}
2022-04-28 16:26:01.398 [main] INFO  org.hibernate.dialect.Dialect - HHH000400: Using dialect: org.hibernate.dialect.MySQL5Dialect
2022-04-28 16:26:01.804 [main] INFO  org.hibernate.tool.hbm2ddl.SchemaValidator - HHH000229: Running schema validator
2022-04-28 16:26:08.477 [main] INFO  priv.jesse.mall.MallApplicationTests - Started MallApplicationTests in 10.998 seconds (JVM running for 11.829)
2022-04-28 16:26:08.555 [Thread-5] INFO  com.alibaba.druid.pool.DruidDataSource - {dataSource-1} closed
2022-04-28 16:27:04.841 [main] INFO  priv.jesse.mall.MallApplicationTests - Starting MallApplicationTests on DESKTOP-TP97L94 with PID 10576 (started by DELL in E:\workspace-devloper\mall)
2022-04-28 16:27:04.857 [main] DEBUG priv.jesse.mall.MallApplicationTests - Running with Spring Boot v1.5.8.RELEASE, Spring v4.3.12.RELEASE
2022-04-28 16:27:04.857 [main] INFO  priv.jesse.mall.MallApplicationTests - No active profile set, falling back to default profiles: default
2022-04-28 16:27:05.154 [background-preinit] INFO  org.hibernate.validator.internal.util.Version - HV000001: Hibernate Validator 5.4.1.Final
2022-04-28 16:27:06.232 [main] INFO  com.alibaba.druid.spring.boot.autoconfigure.DruidDataSourceAutoConfigure - Init DruidDataSource
2022-04-28 16:27:08.934 [main] INFO  com.alibaba.druid.pool.DruidDataSource - {dataSource-1} inited
2022-04-28 16:27:09.090 [main] INFO  org.hibernate.jpa.internal.util.LogHelper - HHH000204: Processing PersistenceUnitInfo [
	name: default
	...]
2022-04-28 16:27:09.168 [main] INFO  org.hibernate.Version - HHH000412: Hibernate Core {5.0.12.Final}
2022-04-28 16:27:09.168 [main] INFO  org.hibernate.cfg.Environment - HHH000206: hibernate.properties not found
2022-04-28 16:27:09.168 [main] INFO  org.hibernate.cfg.Environment - HHH000021: Bytecode provider name : javassist
2022-04-28 16:27:09.200 [main] INFO  org.hibernate.annotations.common.Version - HCANN000001: Hibernate Commons Annotations {5.0.1.Final}
2022-04-28 16:27:09.309 [main] INFO  org.hibernate.dialect.Dialect - HHH000400: Using dialect: org.hibernate.dialect.MySQL5Dialect
2022-04-28 16:27:09.700 [main] INFO  org.hibernate.tool.hbm2ddl.SchemaValidator - HHH000229: Running schema validator
2022-04-28 16:27:18.331 [main] INFO  priv.jesse.mall.MallApplicationTests - Started MallApplicationTests in 13.74 seconds (JVM running for 14.525)
2022-04-28 16:27:18.394 [Thread-5] INFO  com.alibaba.druid.pool.DruidDataSource - {dataSource-1} closed
